[07:06:15] [ServerMain/INFO]: Environment: Environment[sessionHost=https://sessionserver.mojang.com, servicesHost=https://api.minecraftservices.com, name=PROD]
[07:06:18] [ServerMain/INFO]: Loaded 1370 recipes
[07:06:18] [ServerMain/INFO]: Loaded 1481 advancements
[07:06:18] [Server thread/INFO]: Starting minecraft server version 1.21.4
[07:06:18] [Server thread/INFO]: Loading properties
[07:06:18] [Server thread/INFO]: Default game type: SURVIVAL
[07:06:18] [Server thread/INFO]: Generating keypair
[07:06:18] [Server thread/INFO]: Starting Minecraft server on *:25565
[07:06:18] [Server thread/INFO]: Using epoll channel type
[07:06:18] [Server thread/WARN]: **** SERVER IS RUNNING IN OFFLINE/INSECURE MODE!
[07:06:18] [Server thread/WARN]: The server will make no attempt to authenticate usernames. Beware.
[07:06:18] [Server thread/WARN]: While this makes the game possible to play without internet access, it also opens up the ability for hackers to connect with any username they choose.
[07:06:18] [Server thread/WARN]: To change this, set "online-mode" to "true" in the server.properties file.
[07:06:18] [Server thread/INFO]: Preparing level "world"
[07:06:18] [Server thread/INFO]: Preparing start region for dimension minecraft:overworld
[07:06:21] [Worker-Main-3/INFO]: Preparing spawn area: 0%
[07:06:21] [Worker-Main-3/INFO]: Preparing spawn area: 0%
[07:06:21] [Worker-Main-3/INFO]: Preparing spawn area: 0%
[07:06:21] [Worker-Main-3/INFO]: Preparing spawn area: 0%
[07:06:21] [Worker-Main-3/INFO]: Preparing spawn area: 0%
[07:06:21] [Worker-Main-3/INFO]: Preparing spawn area: 0%
[07:06:22] [Worker-Main-3/INFO]: Preparing spawn area: 18%
[07:06:22] [Server thread/INFO]: Time elapsed: 3205 ms
[07:06:22] [Server thread/INFO]: Done (3.652s)! For help, type "help"
[07:07:22] [Server thread/INFO]: Server empty for 60 seconds, pausing
[07:07:37] [Server thread/INFO]: NicoNii_[/[0:0:0:0:0:0:0:1]:56514] logged in with entity id 9 at (3285.176457050692, 94.9375, -1276.6808996057553)
[07:07:37] [Server thread/INFO]: NicoNii_ joined the game
[07:08:26] [Server thread/INFO]: NicoNii_ lost connection: Disconnected
[07:08:26] [Server thread/INFO]: NicoNii_ left the game
[07:08:30] [Server thread/INFO]: aduanghoeng[/[0:0:0:0:0:0:0:1]:36092] logged in with entity id 462 at (3285.384697387525, 90.9375, -1234.5561696432617)
[07:08:30] [Server thread/INFO]: aduanghoeng joined the game
[07:34:18] [Server thread/INFO]: Villager coj['Cleric'/514, l='ServerLevel[world]', x=3290.68, y=89.00, z=-1240.51] died, message: 'Cleric was slain by aduanghoeng'
[07:44:44] [Server thread/INFO]: NicoNii_[/[0:0:0:0:0:0:0:1]:54832] logged in with entity id 10505 at (3294.9398179439922, 98.17675927506424, -1274.2204031123201)
[07:44:44] [Server thread/INFO]: NicoNii_ joined the game
[07:51:23] [Server thread/INFO]: aduanghoeng has made the advancement [Hot Stuff]
[08:12:20] [Server thread/INFO]: [Not Secure] <aduanghoeng> aduuuuuuuuuuuuuuuuuuuuuuuuuuuuuuuuuuuuuu
[08:24:19] [Server thread/INFO]: [Not Secure] <NicoNii_> ez
[08:24:19] [Server thread/INFO]: [Not Secure] <NicoNii_> ez
[08:24:20] [Server thread/INFO]: [Not Secure] <NicoNii_> e
[08:24:20] [Server thread/INFO]: [Not Secure] <NicoNii_> z
[08:24:20] [Server thread/INFO]: [Not Secure] <NicoNii_> ez
[08:24:20] [Server thread/INFO]: [Not Secure] <NicoNii_> ez
[08:24:20] [Server thread/INFO]: [Not Secure] <NicoNii_> ez
[08:24:20] [Server thread/INFO]: [Not Secure] <NicoNii_> ez
[08:24:21] [Server thread/INFO]: [Not Secure] <NicoNii_> e
[08:24:21] [Server thread/INFO]: [Not Secure] <NicoNii_> ze
[08:24:21] [Server thread/INFO]: [Not Secure] <NicoNii_> ze
[08:24:21] [Server thread/INFO]: [Not Secure] <NicoNii_> z
[08:24:21] [Server thread/INFO]: [Not Secure] <NicoNii_> ez
[08:24:21] [Server thread/INFO]: [Not Secure] <NicoNii_> e
[08:24:22] [Server thread/INFO]: [Not Secure] <NicoNii_> ze
[08:24:22] [Server thread/INFO]: [Not Secure] <NicoNii_> ze
[08:24:22] [Server thread/INFO]: [Not Secure] <NicoNii_> ze
[08:24:22] [Server thread/INFO]: [Not Secure] <NicoNii_> ze
[08:24:22] [Server thread/INFO]: [Not Secure] <NicoNii_> z
